f:\cgr.2016\personal\assignment2\libs\glfw-3.1.2\build\src\glfw.dir\debug\glfw.pdb
f:\cgr.2016\personal\assignment2\libs\glfw-3.1.2\build\src\glfw.dir\debug\wgl_context.obj
f:\cgr.2016\personal\assignment2\libs\glfw-3.1.2\build\src\glfw.dir\debug\winmm_joystick.obj
f:\cgr.2016\personal\assignment2\libs\glfw-3.1.2\build\src\glfw.dir\debug\win32_window.obj
f:\cgr.2016\personal\assignment2\libs\glfw-3.1.2\build\src\glfw.dir\debug\win32_tls.obj
f:\cgr.2016\personal\assignment2\libs\glfw-3.1.2\build\src\glfw.dir\debug\win32_time.obj
f:\cgr.2016\personal\assignment2\libs\glfw-3.1.2\build\src\glfw.dir\debug\win32_monitor.obj
f:\cgr.2016\personal\assignment2\libs\glfw-3.1.2\build\src\glfw.dir\debug\win32_init.obj
f:\cgr.2016\personal\assignment2\libs\glfw-3.1.2\build\src\glfw.dir\debug\window.obj
f:\cgr.2016\personal\assignment2\libs\glfw-3.1.2\build\src\glfw.dir\debug\monitor.obj
f:\cgr.2016\personal\assignment2\libs\glfw-3.1.2\build\src\glfw.dir\debug\input.obj
f:\cgr.2016\personal\assignment2\libs\glfw-3.1.2\build\src\glfw.dir\debug\init.obj
f:\cgr.2016\personal\assignment2\libs\glfw-3.1.2\build\src\glfw.dir\debug\context.obj
f:\cgr.2016\personal\assignment2\libs\glfw-3.1.2\build\src\cmakefiles\generate.stamp
f:\cgr.2016\personal\assignment2\libs\glfw-3.1.2\build\src\debug\glfw3d.lib
f:\cgr.2016\personal\assignment2\libs\glfw-3.1.2\build\src\glfw.dir\debug\glfw.tlog\cl.command.1.tlog
f:\cgr.2016\personal\assignment2\libs\glfw-3.1.2\build\src\glfw.dir\debug\glfw.tlog\cl.read.1.tlog
f:\cgr.2016\personal\assignment2\libs\glfw-3.1.2\build\src\glfw.dir\debug\glfw.tlog\cl.write.1.tlog
f:\cgr.2016\personal\assignment2\libs\glfw-3.1.2\build\src\glfw.dir\debug\glfw.tlog\custombuild.command.1.tlog
f:\cgr.2016\personal\assignment2\libs\glfw-3.1.2\build\src\glfw.dir\debug\glfw.tlog\custombuild.read.1.tlog
f:\cgr.2016\personal\assignment2\libs\glfw-3.1.2\build\src\glfw.dir\debug\glfw.tlog\custombuild.write.1.tlog
f:\cgr.2016\personal\assignment2\libs\glfw-3.1.2\build\src\glfw.dir\debug\glfw.tlog\lib-link.read.1.tlog
f:\cgr.2016\personal\assignment2\libs\glfw-3.1.2\build\src\glfw.dir\debug\glfw.tlog\lib-link.write.1.tlog
f:\cgr.2016\personal\assignment2\libs\glfw-3.1.2\build\src\glfw.dir\debug\glfw.tlog\lib.command.1.tlog
